生成启动时间为 2017/4/18 7:37:39。
     1>项目“G:\c语言程序\Maze\Maze\Maze.vcxproj”在节点 2 上(build 个目标)。
     1>InitializeBuildStatus:
         正在对“Debug\Maze.unsuccessfulbuild”执行 Touch 任务。
       ClCompile:
         C:\Program Files (x86)\Microsoft Visual Studio 10.0\VC\bin\CL.exe /c /ZI /nologo /W3 /WX- /Od /Oy- /D _MBCS /Gm /EHsc /RTC1 /MDd /GS /fp:precise /Zc:wchar_t /Zc:forScope /Fo"Debug\\" /Fd"Debug\vc100.pdb" /Gd /TP /analyze- /errorReport:prompt Maze.cpp
         Maze.cpp
     1>g:\c语言程序\maze\maze\maze.cpp(99): warning C4996: 'fopen': This function or variable may be unsafe. Consider using fopen_s instead. To disable deprecation, use _CRT_SECURE_NO_WARNINGS. See online help for details.
                 c:\program files (x86)\microsoft visual studio 10.0\vc\include\stdio.h(234) : 参见“fopen”的声明
       Link:
         C:\Program Files (x86)\Microsoft Visual Studio 10.0\VC\bin\link.exe /ERRORREPORT:PROMPT /OUT:"G:\c语言程序\Maze\Debug\Maze.exe" /NOLOGO kernel32.lib user32.lib gdi32.lib winspool.lib comdlg32.lib advapi32.lib shell32.lib ole32.lib oleaut32.lib uuid.lib odbc32.lib odbccp32.lib /MANIFEST /ManifestFile:"Debug\Maze.exe.intermediate.manifest" /MANIFESTUAC:"level='asInvoker' uiAccess='false'" /DEBUG /PDB:"G:\c语言程序\Maze\Debug\Maze.pdb" /TLBID:1 /DYNAMICBASE /NXCOMPAT /IMPLIB:"G:\c语言程序\Maze\Debug\Maze.lib" /MACHINE:X86 Debug\Maze.obj
         LINK : 没有找到 G:\c语言程序\Maze\Debug\Maze.exe 或上一个增量链接没有生成它；正在执行完全链接
         Maze.vcxproj -> G:\c语言程序\Maze\Debug\Maze.exe
       Manifest:
         C:\Program Files (x86)\Microsoft SDKs\Windows\v7.0A\bin\mt.exe /nologo /verbose /outputresource:"G:\c语言程序\Maze\Debug\Maze.exe;#1" /manifest Debug\Maze.exe.intermediate.manifest
       FinalizeBuildStatus:
         正在删除文件“Debug\Maze.unsuccessfulbuild”。
         正在对“Debug\Maze.lastbuildstate”执行 Touch 任务。
     1>已完成生成项目“G:\c语言程序\Maze\Maze\Maze.vcxproj”(build 个目标)的操作。

生成成功。

已用时间 00:00:00.66
